<?xml version="1.0" encoding="UTF-8"?>
<testng-results ignored="0" total="1" passed="1" failed="0" skipped="0">
  <reporter-output>
  </reporter-output>
  <suite started-at="2024-03-15T12:51:17 IST" name="Default suite" finished-at="2024-03-15T12:51:26 IST" duration-ms="9268">
    <groups>
    </groups>
    <test started-at="2024-03-15T12:51:17 IST" name="Default test" finished-at="2024-03-15T12:51:26 IST" duration-ms="9268">
      <class name="Basic.OrganizationTest">
        <test-method signature="createOrganizationsTest()[pri:0, instance:Basic.OrganizationTest@4e096385]" started-at="2024-03-15T12:51:17 IST" name="createOrganizationsTest" finished-at="2024-03-15T12:51:26 IST" duration-ms="9178" status="PASS">
          <reporter-output>
          </reporter-output>
        </test-method> <!-- createOrganizationsTest -->
      </class> <!-- Basic.OrganizationTest -->
    </test> <!-- Default test -->
  </suite> <!-- Default suite -->
</testng-results>
